<?xml version="1.0" encoding="UTF-8"?>
<!-- Generated by org.testng.reporters.JUnitReportReporter -->
<testsuite skipped="0" hostname="SSTPR039" name="jenkins.Jenkinstest" tests="1" failures="0" timestamp="21 Aug 2019 13:20:20 GMT" time="2.994" errors="0">
  <testcase name="launchurl" time="2.994" classname="jenkins.Jenkinstest"/>
</testsuite> <!-- jenkins.Jenkinstest -->
