<?xml version="1.0" encoding="UTF-8"?>
<!-- Generated by org.testng.reporters.JUnitReportReporter -->
<testsuite skipped="0" hostname="SSTPR039" name="jenkins.Jentest" tests="1" failures="0" timestamp="27 Aug 2019 07:27:11 GMT" time="12.050" errors="0">
  <testcase name="launchurl" time="12.050" classname="jenkins.Jentest"/>
</testsuite> <!-- jenkins.Jentest -->
