<?xml version="1.0" encoding="UTF-8"?>
<!-- Generated by org.testng.reporters.JUnitReportReporter -->
<testsuite skipped="0" hostname="SSTPR039" name="jenkins.Jenkinstest" tests="1" failures="0" timestamp="22 Aug 2019 10:24:20 GMT" time="4.194" errors="0">
  <testcase name="launchurl" time="4.194" classname="jenkins.Jenkinstest"/>
</testsuite> <!-- jenkins.Jenkinstest -->
